<?xml version="1.0" encoding="UTF-8"?>
<testng-results skipped="0" failed="0" ignored="0" total="3" passed="3">
  <reporter-output>
  </reporter-output>
  <suite name="Suite" duration-ms="21861" started-at="2023-01-10T03:35:46Z" finished-at="2023-01-10T03:36:08Z">
    <groups>
    </groups>
    <test name="Test" duration-ms="21861" started-at="2023-01-10T03:35:46Z" finished-at="2023-01-10T03:36:08Z">
      <class name="com.obsqura.ProjectWithPOM.SimpleFormDemoTest">
        <test-method status="PASS" signature="initBrowser()[pri:0, instance:com.obsqura.ProjectWithPOM.SimpleFormDemoTest@71c8becc]" name="initBrowser" is-config="true" duration-ms="16" started-at="2023-01-10T07:35:46Z" finished-at="2023-01-10T07:35:46Z">
          <reporter-output>
          </reporter-output>
        </test-method> <!-- initBrowser -->
        <test-method status="PASS" signature="initializeBrowser(java.lang.String)[pri:0, instance:com.obsqura.ProjectWithPOM.SimpleFormDemoTest@71c8becc]" name="initializeBrowser" is-config="true" duration-ms="7750" started-at="2023-01-10T07:35:46Z" finished-at="2023-01-10T07:35:54Z">
          <params>
            <param index="0">
              <value>
                <![CDATA[chrome]]>
              </value>
            </param>
          </params>
          <reporter-output>
          </reporter-output>
        </test-method> <!-- initializeBrowser -->
        <test-method status="PASS" signature="checkAndVerifyTitleAndUrl()[pri:0, instance:com.obsqura.ProjectWithPOM.SimpleFormDemoTest@71c8becc]" name="checkAndVerifyTitleAndUrl" duration-ms="105" started-at="2023-01-10T07:35:54Z" finished-at="2023-01-10T07:35:54Z">
          <reporter-output>
          </reporter-output>
        </test-method> <!-- checkAndVerifyTitleAndUrl -->
        <test-method status="PASS" signature="driverClose()[pri:0, instance:com.obsqura.ProjectWithPOM.SimpleFormDemoTest@71c8becc]" name="driverClose" is-config="true" duration-ms="157" started-at="2023-01-10T07:35:54Z" finished-at="2023-01-10T07:35:54Z">
          <reporter-output>
          </reporter-output>
        </test-method> <!-- driverClose -->
        <test-method status="PASS" signature="initBrowser()[pri:0, instance:com.obsqura.ProjectWithPOM.SimpleFormDemoTest@71c8becc]" name="initBrowser" is-config="true" duration-ms="16" started-at="2023-01-10T07:35:54Z" finished-at="2023-01-10T07:35:54Z">
          <reporter-output>
          </reporter-output>
        </test-method> <!-- initBrowser -->
        <test-method status="PASS" signature="initializeBrowser(java.lang.String)[pri:0, instance:com.obsqura.ProjectWithPOM.SimpleFormDemoTest@71c8becc]" name="initializeBrowser" is-config="true" duration-ms="5504" started-at="2023-01-10T07:35:54Z" finished-at="2023-01-10T07:36:00Z">
          <params>
            <param index="0">
              <value>
                <![CDATA[chrome]]>
              </value>
            </param>
          </params>
          <reporter-output>
          </reporter-output>
        </test-method> <!-- initializeBrowser -->
        <test-method status="PASS" signature="enterMessageAndVerifySingleInputField()[pri:0, instance:com.obsqura.ProjectWithPOM.SimpleFormDemoTest@71c8becc]" name="enterMessageAndVerifySingleInputField" duration-ms="1950" started-at="2023-01-10T07:36:00Z" finished-at="2023-01-10T07:36:02Z">
          <reporter-output>
          </reporter-output>
        </test-method> <!-- enterMessageAndVerifySingleInputField -->
        <test-method status="PASS" signature="driverClose()[pri:0, instance:com.obsqura.ProjectWithPOM.SimpleFormDemoTest@71c8becc]" name="driverClose" is-config="true" duration-ms="247" started-at="2023-01-10T07:36:02Z" finished-at="2023-01-10T07:36:02Z">
          <reporter-output>
          </reporter-output>
        </test-method> <!-- driverClose -->
        <test-method status="PASS" signature="initBrowser()[pri:0, instance:com.obsqura.ProjectWithPOM.SimpleFormDemoTest@71c8becc]" name="initBrowser" is-config="true" duration-ms="16" started-at="2023-01-10T07:36:02Z" finished-at="2023-01-10T07:36:02Z">
          <reporter-output>
          </reporter-output>
        </test-method> <!-- initBrowser -->
        <test-method status="PASS" signature="initializeBrowser(java.lang.String)[pri:0, instance:com.obsqura.ProjectWithPOM.SimpleFormDemoTest@71c8becc]" name="initializeBrowser" is-config="true" duration-ms="5211" started-at="2023-01-10T07:36:02Z" finished-at="2023-01-10T07:36:07Z">
          <params>
            <param index="0">
              <value>
                <![CDATA[chrome]]>
              </value>
            </param>
          </params>
          <reporter-output>
          </reporter-output>
        </test-method> <!-- initializeBrowser -->
        <test-method status="PASS" signature="enterMessageAndVerifyTwoInputField()[pri:0, instance:com.obsqura.ProjectWithPOM.SimpleFormDemoTest@71c8becc]" name="enterMessageAndVerifyTwoInputField" duration-ms="734" started-at="2023-01-10T07:36:07Z" finished-at="2023-01-10T07:36:08Z">
          <reporter-output>
          </reporter-output>
        </test-method> <!-- enterMessageAndVerifyTwoInputField -->
        <test-method status="PASS" signature="driverClose()[pri:0, instance:com.obsqura.ProjectWithPOM.SimpleFormDemoTest@71c8becc]" name="driverClose" is-config="true" duration-ms="117" started-at="2023-01-10T07:36:08Z" finished-at="2023-01-10T07:36:08Z">
          <reporter-output>
          </reporter-output>
        </test-method> <!-- driverClose -->
      </class> <!-- com.obsqura.ProjectWithPOM.SimpleFormDemoTest -->
    </test> <!-- Test -->
  </suite> <!-- Suite -->
</testng-results>
