<?xml version="1.0" encoding="UTF-8"?>
<testng-results skipped="0" failed="0" ignored="0" total="3" passed="3">
  <reporter-output>
  </reporter-output>
  <suite name="Suite" duration-ms="30756" started-at="2023-01-06T04:38:13Z" finished-at="2023-01-06T04:38:44Z">
    <groups>
    </groups>
    <test name="Test" duration-ms="30756" started-at="2023-01-06T04:38:13Z" finished-at="2023-01-06T04:38:44Z">
      <class name="com.obsqura.ProjectWithPOM.SimpleFormDemoTest">
        <test-method status="PASS" signature="initBrowser()[pri:0, instance:com.obsqura.ProjectWithPOM.SimpleFormDemoTest@3f49dace]" name="initBrowser" is-config="true" duration-ms="16790" started-at="2023-01-06T08:38:13Z" finished-at="2023-01-06T08:38:30Z">
          <reporter-output>
          </reporter-output>
        </test-method> <!-- initBrowser -->
        <test-method status="PASS" signature="checkAndVerifyTitleAndUrl()[pri:0, instance:com.obsqura.ProjectWithPOM.SimpleFormDemoTest@3f49dace]" name="checkAndVerifyTitleAndUrl" duration-ms="109" started-at="2023-01-06T08:38:30Z" finished-at="2023-01-06T08:38:30Z">
          <reporter-output>
          </reporter-output>
        </test-method> <!-- checkAndVerifyTitleAndUrl -->
        <test-method status="PASS" signature="driverClose()[pri:0, instance:com.obsqura.ProjectWithPOM.SimpleFormDemoTest@3f49dace]" name="driverClose" is-config="true" duration-ms="299" started-at="2023-01-06T08:38:30Z" finished-at="2023-01-06T08:38:30Z">
          <reporter-output>
          </reporter-output>
        </test-method> <!-- driverClose -->
        <test-method status="PASS" signature="initBrowser()[pri:0, instance:com.obsqura.ProjectWithPOM.SimpleFormDemoTest@3f49dace]" name="initBrowser" is-config="true" duration-ms="4878" started-at="2023-01-06T08:38:30Z" finished-at="2023-01-06T08:38:35Z">
          <reporter-output>
          </reporter-output>
        </test-method> <!-- initBrowser -->
        <test-method status="PASS" signature="enterMessageAndVerifySingleInputField()[pri:0, instance:com.obsqura.ProjectWithPOM.SimpleFormDemoTest@3f49dace]" name="enterMessageAndVerifySingleInputField" duration-ms="2041" started-at="2023-01-06T08:38:35Z" finished-at="2023-01-06T08:38:37Z">
          <reporter-output>
          </reporter-output>
        </test-method> <!-- enterMessageAndVerifySingleInputField -->
        <test-method status="PASS" signature="driverClose()[pri:0, instance:com.obsqura.ProjectWithPOM.SimpleFormDemoTest@3f49dace]" name="driverClose" is-config="true" duration-ms="274" started-at="2023-01-06T08:38:37Z" finished-at="2023-01-06T08:38:37Z">
          <reporter-output>
          </reporter-output>
        </test-method> <!-- driverClose -->
        <test-method status="PASS" signature="initBrowser()[pri:0, instance:com.obsqura.ProjectWithPOM.SimpleFormDemoTest@3f49dace]" name="initBrowser" is-config="true" duration-ms="5476" started-at="2023-01-06T08:38:37Z" finished-at="2023-01-06T08:38:43Z">
          <reporter-output>
          </reporter-output>
        </test-method> <!-- initBrowser -->
        <test-method status="PASS" signature="enterMessageAndVerifyTwoInputField()[pri:0, instance:com.obsqura.ProjectWithPOM.SimpleFormDemoTest@3f49dace]" name="enterMessageAndVerifyTwoInputField" duration-ms="693" started-at="2023-01-06T08:38:43Z" finished-at="2023-01-06T08:38:44Z">
          <reporter-output>
          </reporter-output>
        </test-method> <!-- enterMessageAndVerifyTwoInputField -->
        <test-method status="PASS" signature="driverClose()[pri:0, instance:com.obsqura.ProjectWithPOM.SimpleFormDemoTest@3f49dace]" name="driverClose" is-config="true" duration-ms="164" started-at="2023-01-06T08:38:44Z" finished-at="2023-01-06T08:38:44Z">
          <reporter-output>
          </reporter-output>
        </test-method> <!-- driverClose -->
      </class> <!-- com.obsqura.ProjectWithPOM.SimpleFormDemoTest -->
    </test> <!-- Test -->
  </suite> <!-- Suite -->
</testng-results>
