<?xml version="1.0" encoding="UTF-8"?>
<!-- Generated by org.testng.reporters.JUnitXMLReporter -->
<testsuite hostname="DESKTOP-23R50OH" ignored="0" name="Test" tests="3" failures="0" timestamp="10 Jan 2023 03:36:08 GMT" time="21.861" errors="0">
  <testcase name="checkAndVerifyTitleAndUrl" time="0.105" classname="com.obsqura.ProjectWithPOM.SimpleFormDemoTest"/>
  <testcase name="enterMessageAndVerifySingleInputField" time="1.95" classname="com.obsqura.ProjectWithPOM.SimpleFormDemoTest"/>
  <testcase name="enterMessageAndVerifyTwoInputField" time="0.734" classname="com.obsqura.ProjectWithPOM.SimpleFormDemoTest"/>
</testsuite> <!-- Test -->
