<?xml version="1.0" encoding="UTF-8"?>
<!-- Generated by org.testng.reporters.JUnitXMLReporter -->
<testsuite hostname="DESKTOP-23R50OH" ignored="0" name="Test" tests="3" failures="0" timestamp="06 Jan 2023 04:38:44 GMT" time="30.756" errors="0">
  <testcase name="checkAndVerifyTitleAndUrl" time="0.109" classname="com.obsqura.ProjectWithPOM.SimpleFormDemoTest"/>
  <testcase name="enterMessageAndVerifySingleInputField" time="2.041" classname="com.obsqura.ProjectWithPOM.SimpleFormDemoTest"/>
  <testcase name="enterMessageAndVerifyTwoInputField" time="0.693" classname="com.obsqura.ProjectWithPOM.SimpleFormDemoTest"/>
</testsuite> <!-- Test -->
